<?xml version="1.0" encoding="UTF-8"?>
<testsuite xmlns:xsi="http://www.w3.org/2001/XMLSchema-instance" xsi:noNamespaceSchemaLocation="https://maven.apache.org/surefire/maven-surefire-plugin/xsd/surefire-test-report-3.0.xsd" version="3.0" name="TestSuite" time="108.759" tests="8" errors="0" skipped="0" failures="1">
  <properties>
[...]
</properties>
  <testcase name="runScenario[&quot;Happy path Login&quot;, &quot;Optional[Login Scenarios]&quot;](1)" classname="testRunner.CucumberRunner" time="8.205">
    <system-out><![CDATA[
@tag @tag1
Scenario: Happy path Login                   &amp#27;[90m# src/test/resources/Login.feature:6&amp#27;[0m
  &amp#27;[32mGiven &amp#27;[0m&amp#27;[32mI am on homepage&amp#27;[0m                     &amp#27;[90m# stepDefinition.LoginStepDef.i_am_on_homepage()&amp#27;[0m
  &amp#27;[32mWhen &amp#27;[0m&amp#27;[32mI login using &amp#27;[0m&amp#27;[32m&amp#27;[1m"Testone"&amp#27;[0m&amp#27;[32m and &amp#27;[0m&amp#27;[32m&amp#27;[1m"Test123"&amp#27;[0m &amp#27;[90m# stepDefinition.LoginStepDef.i_login_using_and(java.lang.String,java.lang.String)&amp#27;[0m
  &amp#27;[32mThen &amp#27;[0m&amp#27;[32mI should be signed in successfully&amp#27;[0m    &amp#27;[90m# stepDefinition.LoginStepDef.i_should_be_signed_in_successfully()&amp#27;[0m
]]></system-out>
    <system-err><![CDATA[SLF4J: Failed to load class "org.slf4j.impl.StaticLoggerBinder".
SLF4J: Defaulting to no-operation (NOP) logger implementation
SLF4J: See http://www.slf4j.org/codes.html#StaticLoggerBinder for further details.
Starting ChromeDriver 93.0.4577.15 (660fc11082ba57405eca2e8c49c3e1af756fbfae-refs/branch-heads/4577@{#203}) on port 4386
Only local connections are allowed.
Please see https://chromedriver.chromium.org/security-considerations for suggestions on keeping ChromeDriver safe.
ChromeDriver was started successfully.
Sep 06, 2021 8:01:30 PM org.openqa.selenium.remote.ProtocolHandshake createSession
INFO: Detected dialect: W3C
]]></system-err>
  </testcase>
  <testcase name="runScenario[&quot;Login for multiple user&quot;, &quot;Optional[Login Scenarios]&quot;](2)" classname="testRunner.CucumberRunner" time="8.213">
    <system-out><![CDATA[
@tag @tag2
Scenario Outline: Login for multiple user    &amp#27;[90m# src/test/resources/Login.feature:19&amp#27;[0m
  &amp#27;[32mGiven &amp#27;[0m&amp#27;[32mI am on homepage&amp#27;[0m                     &amp#27;[90m# stepDefinition.LoginStepDef.i_am_on_homepage()&amp#27;[0m
  &amp#27;[32mWhen &amp#27;[0m&amp#27;[32mI login using &amp#27;[0m&amp#27;[32m&amp#27;[1m"Testone"&amp#27;[0m&amp#27;[32m and &amp#27;[0m&amp#27;[32m&amp#27;[1m"Test123"&amp#27;[0m &amp#27;[90m# stepDefinition.LoginStepDef.i_login_using_and(java.lang.String,java.lang.String)&amp#27;[0m
  &amp#27;[32mThen &amp#27;[0m&amp#27;[32mI should be signed in successfully&amp#27;[0m    &amp#27;[90m# stepDefinition.LoginStepDef.i_should_be_signed_in_successfully()&amp#27;[0m
]]></system-out>
    <system-err><![CDATA[Starting ChromeDriver 93.0.4577.15 (660fc11082ba57405eca2e8c49c3e1af756fbfae-refs/branch-heads/4577@{#203}) on port 18681
Only local connections are allowed.
Please see https://chromedriver.chromium.org/security-considerations for suggestions on keeping ChromeDriver safe.
ChromeDriver was started successfully.
Sep 06, 2021 8:01:44 PM org.openqa.selenium.remote.ProtocolHandshake createSession
INFO: Detected dialect: W3C
]]></system-err>
  </testcase>
  <testcase name="runScenario[&quot;Login for multiple user&quot;, &quot;Optional[Login Scenarios]&quot;](3)" classname="testRunner.CucumberRunner" time="7.86">
    <system-out><![CDATA[
@tag @tag2
Scenario Outline: Login for multiple user    &amp#27;[90m# src/test/resources/Login.feature:20&amp#27;[0m
  &amp#27;[32mGiven &amp#27;[0m&amp#27;[32mI am on homepage&amp#27;[0m                     &amp#27;[90m# stepDefinition.LoginStepDef.i_am_on_homepage()&amp#27;[0m
  &amp#27;[32mWhen &amp#27;[0m&amp#27;[32mI login using &amp#27;[0m&amp#27;[32m&amp#27;[1m"Testtwo"&amp#27;[0m&amp#27;[32m and &amp#27;[0m&amp#27;[32m&amp#27;[1m"Test123"&amp#27;[0m &amp#27;[90m# stepDefinition.LoginStepDef.i_login_using_and(java.lang.String,java.lang.String)&amp#27;[0m
  &amp#27;[32mThen &amp#27;[0m&amp#27;[32mI should be signed in successfully&amp#27;[0m    &amp#27;[90m# stepDefinition.LoginStepDef.i_should_be_signed_in_successfully()&amp#27;[0m
]]></system-out>
    <system-err><![CDATA[Starting ChromeDriver 93.0.4577.15 (660fc11082ba57405eca2e8c49c3e1af756fbfae-refs/branch-heads/4577@{#203}) on port 48187
Only local connections are allowed.
Please see https://chromedriver.chromium.org/security-considerations for suggestions on keeping ChromeDriver safe.
ChromeDriver was started successfully.
Sep 06, 2021 8:01:58 PM org.openqa.selenium.remote.ProtocolHandshake createSession
INFO: Detected dialect: W3C
]]></system-err>
  </testcase>
  <testcase name="runScenario[&quot;Login for multiple user&quot;, &quot;Optional[Login Scenarios]&quot;](4)" classname="testRunner.CucumberRunner" time="7.948">
    <system-out><![CDATA[
@tag @tag2
Scenario Outline: Login for multiple user    &amp#27;[90m# src/test/resources/Login.feature:21&amp#27;[0m
  &amp#27;[32mGiven &amp#27;[0m&amp#27;[32mI am on homepage&amp#27;[0m                     &amp#27;[90m# stepDefinition.LoginStepDef.i_am_on_homepage()&amp#27;[0m
  &amp#27;[32mWhen &amp#27;[0m&amp#27;[32mI login using &amp#27;[0m&amp#27;[32m&amp#27;[1m"Testjoe"&amp#27;[0m&amp#27;[32m and &amp#27;[0m&amp#27;[32m&amp#27;[1m"Test123"&amp#27;[0m &amp#27;[90m# stepDefinition.LoginStepDef.i_login_using_and(java.lang.String,java.lang.String)&amp#27;[0m
  &amp#27;[32mThen &amp#27;[0m&amp#27;[32mI should be signed in successfully&amp#27;[0m    &amp#27;[90m# stepDefinition.LoginStepDef.i_should_be_signed_in_successfully()&amp#27;[0m
]]></system-out>
    <system-err><![CDATA[Starting ChromeDriver 93.0.4577.15 (660fc11082ba57405eca2e8c49c3e1af756fbfae-refs/branch-heads/4577@{#203}) on port 17975
Only local connections are allowed.
Please see https://chromedriver.chromium.org/security-considerations for suggestions on keeping ChromeDriver safe.
ChromeDriver was started successfully.
Sep 06, 2021 8:02:10 PM org.openqa.selenium.remote.ProtocolHandshake createSession
INFO: Detected dialect: W3C
]]></system-err>
  </testcase>
  <testcase name="runScenario[&quot;Place order for various categories&quot;, &quot;Optional[Place Order]&quot;](5)" classname="testRunner.CucumberRunner" time="10.292">
    <system-out><![CDATA[
@tag @tag2
Scenario Outline: Place order for various categories &amp#27;[90m# src/test/resources/PlaceOrder.feature:19&amp#27;[0m
  &amp#27;[32mGiven &amp#27;[0m&amp#27;[32mI am on homepage&amp#27;[0m                             &amp#27;[90m# stepDefinition.LoginStepDef.i_am_on_homepage()&amp#27;[0m
  &amp#27;[32mWhen &amp#27;[0m&amp#27;[32mI login using &amp#27;[0m&amp#27;[32m&amp#27;[1m"Testone"&amp#27;[0m&amp#27;[32m and &amp#27;[0m&amp#27;[32m&amp#27;[1m"Test123"&amp#27;[0m         &amp#27;[90m# stepDefinition.LoginStepDef.i_login_using_and(java.lang.String,java.lang.String)&amp#27;[0m
  &amp#27;[32mThen &amp#27;[0m&amp#27;[32mI should be signed in successfully&amp#27;[0m            &amp#27;[90m# stepDefinition.LoginStepDef.i_should_be_signed_in_successfully()&amp#27;[0m
Phones
Clicked Phone
  &amp#27;[32mWhen &amp#27;[0m&amp#27;[32mI place an order for &amp#27;[0m&amp#27;[32m&amp#27;[1m"Phones"&amp#27;[0m                 &amp#27;[90m# stepDefinition.PlaceOrderStepDef.i_place_an_order_for(java.lang.String)&amp#27;[0m
  &amp#27;[32mThen &amp#27;[0m&amp#27;[32mOrder should be placed successfully&amp#27;[0m           &amp#27;[90m# stepDefinition.PlaceOrderStepDef.order_should_be_placed_successfully()&amp#27;[0m
]]></system-out>
    <system-err><![CDATA[Starting ChromeDriver 93.0.4577.15 (660fc11082ba57405eca2e8c49c3e1af756fbfae-refs/branch-heads/4577@{#203}) on port 14358
Only local connections are allowed.
Please see https://chromedriver.chromium.org/security-considerations for suggestions on keeping ChromeDriver safe.
ChromeDriver was started successfully.
Sep 06, 2021 8:02:24 PM org.openqa.selenium.remote.ProtocolHandshake createSession
INFO: Detected dialect: W3C
]]></system-err>
  </testcase>
  <testcase name="runScenario[&quot;Place order for various categories&quot;, &quot;Optional[Place Order]&quot;](6)" classname="testRunner.CucumberRunner" time="9.442">
    <system-out><![CDATA[
@tag @tag2
Scenario Outline: Place order for various categories &amp#27;[90m# src/test/resources/PlaceOrder.feature:20&amp#27;[0m
  &amp#27;[32mGiven &amp#27;[0m&amp#27;[32mI am on homepage&amp#27;[0m                             &amp#27;[90m# stepDefinition.LoginStepDef.i_am_on_homepage()&amp#27;[0m
  &amp#27;[32mWhen &amp#27;[0m&amp#27;[32mI login using &amp#27;[0m&amp#27;[32m&amp#27;[1m"Testone"&amp#27;[0m&amp#27;[32m and &amp#27;[0m&amp#27;[32m&amp#27;[1m"Test123"&amp#27;[0m         &amp#27;[90m# stepDefinition.LoginStepDef.i_login_using_and(java.lang.String,java.lang.String)&amp#27;[0m
  &amp#27;[32mThen &amp#27;[0m&amp#27;[32mI should be signed in successfully&amp#27;[0m            &amp#27;[90m# stepDefinition.LoginStepDef.i_should_be_signed_in_successfully()&amp#27;[0m
Phones
Laptops
Clicked Laptop
  &amp#27;[32mWhen &amp#27;[0m&amp#27;[32mI place an order for &amp#27;[0m&amp#27;[32m&amp#27;[1m"Laptops"&amp#27;[0m                &amp#27;[90m# stepDefinition.PlaceOrderStepDef.i_place_an_order_for(java.lang.String)&amp#27;[0m
  &amp#27;[32mThen &amp#27;[0m&amp#27;[32mOrder should be placed successfully&amp#27;[0m           &amp#27;[90m# stepDefinition.PlaceOrderStepDef.order_should_be_placed_successfully()&amp#27;[0m
]]></system-out>
    <system-err><![CDATA[Starting ChromeDriver 93.0.4577.15 (660fc11082ba57405eca2e8c49c3e1af756fbfae-refs/branch-heads/4577@{#203}) on port 42707
Only local connections are allowed.
Please see https://chromedriver.chromium.org/security-considerations for suggestions on keeping ChromeDriver safe.
ChromeDriver was started successfully.
Sep 06, 2021 8:02:40 PM org.openqa.selenium.remote.ProtocolHandshake createSession
INFO: Detected dialect: W3C
]]></system-err>
  </testcase>
  <testcase name="runScenario[&quot;Place order for various categories&quot;, &quot;Optional[Place Order]&quot;](7)" classname="testRunner.CucumberRunner" time="6.154">
    <failure message="stale element reference: element is not attached to the page document&#10;  (Session info: chrome=93.0.4577.63)&#10;For documentation on this error, please visit: https://www.seleniumhq.org/exceptions/stale_element_reference.html&#10;Build info: version: &apos;4.0.0-alpha-2&apos;, revision: &apos;f148142cf8&apos;, time: &apos;2019-07-01T20:55:26&apos;&#10;System info: host: &apos;Nagajothis-MacBook-Pro.local&apos;, ip: &apos;fe80:0:0:0:105d:f2ad:a466:dfe5%en0&apos;, os.name: &apos;Mac OS X&apos;, os.arch: &apos;x86_64&apos;, os.version: &apos;10.16&apos;, java.version: &apos;11.0.10&apos;&#10;Driver info: org.openqa.selenium.chrome.ChromeDriver&#10;Capabilities {acceptInsecureCerts: false, browserName: chrome, browserVersion: 93.0.4577.63, chrome: {chromedriverVersion: 93.0.4577.15 (660fc11082ba5..., userDataDir: /var/folders/lt/rd138qbd6qx...}, goog:chromeOptions: {debuggerAddress: localhost:50064}, javascriptEnabled: true, networkConnectionEnabled: false, pageLoadStrategy: normal, platform: MAC, platformName: MAC, proxy: Proxy(), setWindowRect: true, strictFileInteractability: false, timeouts: {implicit: 0, pageLoad: 300000, script: 30000}, unhandledPromptBehavior: dismiss and notify, webauthn:extension:credBlob: true, webauthn:extension:largeBlob: true, webauthn:virtualAuthenticators: true}&#10;Session ID: b47277baeeb3cc31bde39aae747ab77b" type="org.openqa.selenium.StaleElementReferenceException"><![CDATA[org.openqa.selenium.StaleElementReferenceException: 
stale element reference: element is not attached to the page document
  (Session info: chrome=93.0.4577.63)
For documentation on this error, please visit: https://www.seleniumhq.org/exceptions/stale_element_reference.html
Build info: version: '4.0.0-alpha-2', revision: 'f148142cf8', time: '2019-07-01T20:55:26'
System info: host: 'Nagajothis-MacBook-Pro.local', ip: 'fe80:0:0:0:105d:f2ad:a466:dfe5%en0', os.name: 'Mac OS X', os.arch: 'x86_64', os.version: '10.16', java.version: '11.0.10'
Driver info: org.openqa.selenium.chrome.ChromeDriver
Capabilities {acceptInsecureCerts: false, browserName: chrome, browserVersion: 93.0.4577.63, chrome: {chromedriverVersion: 93.0.4577.15 (660fc11082ba5..., userDataDir: /var/folders/lt/rd138qbd6qx...}, goog:chromeOptions: {debuggerAddress: localhost:50064}, javascriptEnabled: true, networkConnectionEnabled: false, pageLoadStrategy: normal, platform: MAC, platformName: MAC, proxy: Proxy(), setWindowRect: true, strictFileInteractability: false, timeouts: {implicit: 0, pageLoad: 300000, script: 30000}, unhandledPromptBehavior: dismiss and notify, webauthn:extension:credBlob: true, webauthn:extension:largeBlob: true, webauthn:virtualAuthenticators: true}
Session ID: b47277baeeb3cc31bde39aae747ab77b
]]></failure>
    <system-out><![CDATA[
@tag @tag2
Scenario Outline: Place order for various categories &amp#27;[90m# src/test/resources/PlaceOrder.feature:21&amp#27;[0m
  &amp#27;[32mGiven &amp#27;[0m&amp#27;[32mI am on homepage&amp#27;[0m                             &amp#27;[90m# stepDefinition.LoginStepDef.i_am_on_homepage()&amp#27;[0m
  &amp#27;[32mWhen &amp#27;[0m&amp#27;[32mI login using &amp#27;[0m&amp#27;[32m&amp#27;[1m"Testone"&amp#27;[0m&amp#27;[32m and &amp#27;[0m&amp#27;[32m&amp#27;[1m"Test123"&amp#27;[0m         &amp#27;[90m# stepDefinition.LoginStepDef.i_login_using_and(java.lang.String,java.lang.String)&amp#27;[0m
  &amp#27;[31mThen &amp#27;[0m&amp#27;[31mI should be signed in successfully&amp#27;[0m            &amp#27;[90m# stepDefinition.LoginStepDef.i_should_be_signed_in_successfully()&amp#27;[0m
      &amp#27;[31morg.openqa.selenium.StaleElementReferenceException: stale element reference: element is not attached to the page document
  (Session info: chrome=93.0.4577.63)
For documentation on this error, please visit: https://www.seleniumhq.org/exceptions/stale_element_reference.html
Build info: version: '4.0.0-alpha-2', revision: 'f148142cf8', time: '2019-07-01T20:55:26'
System info: host: 'Nagajothis-MacBook-Pro.local', ip: 'fe80:0:0:0:105d:f2ad:a466:dfe5%en0', os.name: 'Mac OS X', os.arch: 'x86_64', os.version: '10.16', java.version: '11.0.10'
Driver info: org.openqa.selenium.chrome.ChromeDriver
Capabilities {acceptInsecureCerts: false, browserName: chrome, browserVersion: 93.0.4577.63, chrome: {chromedriverVersion: 93.0.4577.15 (660fc11082ba5..., userDataDir: /var/folders/lt/rd138qbd6qx...}, goog:chromeOptions: {debuggerAddress: localhost:50064}, javascriptEnabled: true, networkConnectionEnabled: false, pageLoadStrategy: normal, platform: MAC, platformName: MAC, proxy: Proxy(), setWindowRect: true, strictFileInteractability: false, timeouts: {implicit: 0, pageLoad: 300000, script: 30000}, unhandledPromptBehavior: dismiss and notify, webauthn:extension:credBlob: true, webauthn:extension:largeBlob: true, webauthn:virtualAuthenticators: true}
Session ID: b47277baeeb3cc31bde39aae747ab77b
	at java.base/jdk.internal.reflect.NativeConstructorAccessorImpl.newInstance0(Native Method)
	at java.base/jdk.internal.reflect.NativeConstructorAccessorImpl.newInstance(NativeConstructorAccessorImpl.java:62)
	at java.base/jdk.internal.reflect.DelegatingConstructorAccessorImpl.newInstance(DelegatingConstructorAccessorImpl.java:45)
	at java.base/java.lang.reflect.Constructor.newInstance(Constructor.java:490)
	at org.openqa.selenium.remote.codec.w3c.W3CHttpResponseCodec.createException(W3CHttpResponseCodec.java:191)
	at org.openqa.selenium.remote.codec.w3c.W3CHttpResponseCodec.decode(W3CHttpResponseCodec.java:125)
	at org.openqa.selenium.remote.codec.w3c.W3CHttpResponseCodec.decode(W3CHttpResponseCodec.java:52)
	at org.openqa.selenium.remote.HttpCommandExecutor.execute(HttpCommandExecutor.java:161)
	at org.openqa.selenium.remote.service.DriverCommandExecutor.execute(DriverCommandExecutor.java:83)
	at org.openqa.selenium.remote.RemoteWebDriver.execute(RemoteWebDriver.java:576)
	at org.openqa.selenium.remote.RemoteWebElement.execute(RemoteWebElement.java:308)
	at org.openqa.selenium.remote.RemoteWebElement.isDisplayed(RemoteWebElement.java:355)
	at jdk.internal.reflect.GeneratedMethodAccessor46.invoke(Unknown Source)
	at java.base/jdk.internal.reflect.DelegatingMethodAccessorImpl.invoke(DelegatingMethodAccessorImpl.java:43)
	at java.base/java.lang.reflect.Method.invoke(Method.java:566)
	at org.openqa.selenium.support.pagefactory.internal.LocatingElementHandler.invoke(LocatingElementHandler.java:52)
	at com.sun.proxy.$Proxy20.isDisplayed(Unknown Source)
	at org.openqa.selenium.support.ui.ExpectedConditions.elementIfVisible(ExpectedConditions.java:314)
	at org.openqa.selenium.support.ui.ExpectedConditions.access$000(ExpectedConditions.java:43)
	at org.openqa.selenium.support.ui.ExpectedConditions$10.apply(ExpectedConditions.java:300)
	at org.openqa.selenium.support.ui.ExpectedConditions$10.apply(ExpectedConditions.java:297)
	at org.openqa.selenium.support.ui.ExpectedConditions$23.apply(ExpectedConditions.java:670)
	at org.openqa.selenium.support.ui.ExpectedConditions$23.apply(ExpectedConditions.java:666)
	at org.openqa.selenium.support.ui.FluentWait.until(FluentWait.java:211)
	at pages.LoginPage.verifyLogin(LoginPage.java:62)
	at stepDefinition.LoginStepDef.i_should_be_signed_in_successfully(LoginStepDef.java:48)
	at ✽.I should be signed in successfully(file:///Users/nagajothikaliappan/Desktop/CucumberProject/PageObject/src/test/resources/PlaceOrder.feature:8)
&amp#27;[0m
  &amp#27;[36mWhen &amp#27;[0m&amp#27;[36mI place an order for &amp#27;[0m&amp#27;[36m&amp#27;[1m"Monitors"&amp#27;[0m               &amp#27;[90m# stepDefinition.PlaceOrderStepDef.i_place_an_order_for(java.lang.String)&amp#27;[0m
  &amp#27;[36mThen &amp#27;[0m&amp#27;[36mOrder should be placed successfully&amp#27;[0m           &amp#27;[90m# stepDefinition.PlaceOrderStepDef.order_should_be_placed_successfully()&amp#27;[0m
]]></system-out>
    <system-err><![CDATA[Starting ChromeDriver 93.0.4577.15 (660fc11082ba57405eca2e8c49c3e1af756fbfae-refs/branch-heads/4577@{#203}) on port 36673
Only local connections are allowed.
Please see https://chromedriver.chromium.org/security-considerations for suggestions on keeping ChromeDriver safe.
ChromeDriver was started successfully.
Sep 06, 2021 8:02:54 PM org.openqa.selenium.remote.ProtocolHandshake createSession
INFO: Detected dialect: W3C
]]></system-err>
  </testcase>
  <testcase name="runScenario[&quot;Registration Happy path&quot;, &quot;Optional[Registration scenarios]&quot;](8)" classname="testRunner.CucumberRunner" time="4.735">
    <system-out><![CDATA[
@tag @tag1
Scenario: Registration Happy path              &amp#27;[90m# src/test/resources/Registration.feature:7&amp#27;[0m
  &amp#27;[32mGiven &amp#27;[0m&amp#27;[32mI am on homepage&amp#27;[0m                       &amp#27;[90m# stepDefinition.LoginStepDef.i_am_on_homepage()&amp#27;[0m
  &amp#27;[32mWhen &amp#27;[0m&amp#27;[32mI enter unique details for registration&amp#27;[0m &amp#27;[90m# stepDefinition.RegistrationStepDef.i_enter_unique_details_for_registration()&amp#27;[0m
  &amp#27;[32mThen &amp#27;[0m&amp#27;[32mI should be registered successfully&amp#27;[0m     &amp#27;[90m# stepDefinition.RegistrationStepDef.i_should_be_registered_successfully()&amp#27;[0m
]]></system-out>
    <system-err><![CDATA[Starting ChromeDriver 93.0.4577.15 (660fc11082ba57405eca2e8c49c3e1af756fbfae-refs/branch-heads/4577@{#203}) on port 35988
Only local connections are allowed.
Please see https://chromedriver.chromium.org/security-considerations for suggestions on keeping ChromeDriver safe.
ChromeDriver was started successfully.
Sep 06, 2021 8:03:05 PM org.openqa.selenium.remote.ProtocolHandshake createSession
INFO: Detected dialect: W3C
]]></system-err>
  </testcase>
</testsuite>