<?xml version="1.0" encoding="UTF-8"?>
<testng-results ignored="0" total="1" passed="1" failed="0" skipped="0">
  <reporter-output>
  </reporter-output>
  <suite started-at="2021-09-06T19:54:46 NZST" name="Default suite" finished-at="2021-09-06T19:54:58 NZST" duration-ms="12136">
    <groups>
      <group name="cucumber">
        <method signature="AbstractTestNGCucumberTests.runScenario(io.cucumber.testng.PickleWrapper, io.cucumber.testng.FeatureWrapper)[pri:0, instance:testRunner.CucumberRunner@4de4b452]" name="runScenario" class="io.cucumber.testng.AbstractTestNGCucumberTests"/>
      </group> <!-- cucumber -->
    </groups>
    <test started-at="2021-09-06T19:54:46 NZST" name="Default test" finished-at="2021-09-06T19:54:58 NZST" duration-ms="12136">
      <class name="testRunner.CucumberRunner">
        <test-method is-config="true" signature="setUpClass()[pri:0, instance:testRunner.CucumberRunner@4de4b452]" started-at="2021-09-06T19:54:46 NZST" name="setUpClass" finished-at="2021-09-06T19:54:47 NZST" duration-ms="598" status="PASS">
          <reporter-output>
          </reporter-output>
        </test-method> <!-- setUpClass -->
        <test-method is-config="true" signature="setUp()[pri:0, instance:testRunner.CucumberRunner@4de4b452]" started-at="2021-09-06T19:54:47 NZST" name="setUp" finished-at="2021-09-06T19:54:53 NZST" duration-ms="6130" status="PASS">
          <reporter-output>
          </reporter-output>
        </test-method> <!-- setUp -->
        <test-method signature="runScenario(io.cucumber.testng.PickleWrapper, io.cucumber.testng.FeatureWrapper)[pri:0, instance:testRunner.CucumberRunner@4de4b452]" started-at="2021-09-06T19:54:53 NZST" name="runScenario" description="Runs Cucumber Scenarios" data-provider="scenarios" finished-at="2021-09-06T19:54:58 NZST" duration-ms="4771" status="PASS">
          <params>
            <param index="0">
              <value>
                <![CDATA["Registration Happy path"]]>
              </value>
            </param>
            <param index="1">
              <value>
                <![CDATA["Optional[Registration scenarios]"]]>
              </value>
            </param>
          </params>
          <reporter-output>
          </reporter-output>
        </test-method> <!-- runScenario -->
        <test-method is-config="true" signature="tearDown()[pri:0, instance:testRunner.CucumberRunner@4de4b452]" started-at="2021-09-06T19:54:58 NZST" name="tearDown" finished-at="2021-09-06T19:54:58 NZST" duration-ms="323" status="PASS">
          <reporter-output>
          </reporter-output>
        </test-method> <!-- tearDown -->
        <test-method is-config="true" signature="tearDownClass()[pri:0, instance:testRunner.CucumberRunner@4de4b452]" started-at="2021-09-06T19:54:58 NZST" name="tearDownClass" finished-at="2021-09-06T19:54:58 NZST" duration-ms="261" status="PASS">
          <reporter-output>
          </reporter-output>
        </test-method> <!-- tearDownClass -->
      </class> <!-- testRunner.CucumberRunner -->
    </test> <!-- Default test -->
  </suite> <!-- Default suite -->
</testng-results>
